0 info it worked if it ends with ok
1 verbose cli [ 'D:\\work\\NodeJsN\\node.exe',
1 verbose cli   'D:\\work\\NodeJsN\\node_modules\\npm\\bin\\npm-cli.js',
1 verbose cli   'run',
1 verbose cli   'start' ]
2 info using npm@3.10.10
3 info using node@v6.10.0
4 verbose run-script [ 'prestart', 'start', 'poststart' ]
5 info lifecycle books@1.0.0~prestart: books@1.0.0
6 silly lifecycle books@1.0.0~prestart: no script for prestart, continuing
7 info lifecycle books@1.0.0~start: books@1.0.0
8 verbose lifecycle books@1.0.0~start: unsafe-perm in lifecycle true
9 verbose lifecycle books@1.0.0~start: PATH: D:\work\NodeJsN\node_modules\npm\bin\node-gyp-bin;D:\web\项目需求\collectionBooks\node_modules\.bin;C:\Users\guocunjuan\bin;D:\work\gitBash\Git\mingw64\bin;D:\work\gitBash\Git\usr\local\bin;D:\work\gitBash\Git\usr\bin;D:\work\gitBash\Git\usr\bin;D:\work\gitBash\Git\mingw64\bin;D:\work\gitBash\Git\usr\bin;C:\Users\guocunjuan\bin;C:\ProgramData\Oracle\Java\javapath;C:\program files (x86)\graphicsmagick-1.3.25-q16;C:\Program Files (x86)\Common Files\NetSarang;C:\Windows\system32;C:\Windows;C:\Windows\System32\Wbem;C:\Windows\System32\WindowsPowerShell\v1.0;D:\work\jdk\jdk1.7.0_72\bin;D:\work\jdk\jdk1.7.0_72\jre\bin;D:\work\DiffuseV0.47\Diffuse;C:\Program Files\IDM Computer Solutions\UltraCompare;C:\Program Files (x86)\IDM Computer Solutions\UltraEdit;D:\work\NodeJsN;C:\Program Files\MongoDB\Server\3.4\bin;C:\Program Files (x86)\GraphicsMagick-1.3.25-Q16;C:\Users\guocunjuan\AppData\Roaming\npm;D:\work\webstone\WebStorm 11.0.3\bin;D:\work\gitBash\Git\usr\bin\vendor_perl;D:\work\gitBash\Git\usr\bin\core_perl
10 verbose lifecycle books@1.0.0~start: CWD: D:\web\项目需求\collectionBooks
11 silly lifecycle books@1.0.0~start: Args: [ '/d /s /c', 'webpack-dev-server --env development' ]
12 silly lifecycle books@1.0.0~start: Returned: code: 1  signal: null
13 info lifecycle books@1.0.0~start: Failed to exec start script
14 verbose stack Error: books@1.0.0 start: `webpack-dev-server --env development`
14 verbose stack Exit status 1
14 verbose stack     at EventEmitter.<anonymous> (D:\work\NodeJsN\node_modules\npm\lib\utils\lifecycle.js:255:16)
14 verbose stack     at emitTwo (events.js:106:13)
14 verbose stack     at EventEmitter.emit (events.js:191:7)
14 verbose stack     at ChildProcess.<anonymous> (D:\work\NodeJsN\node_modules\npm\lib\utils\spawn.js:40:14)
14 verbose stack     at emitTwo (events.js:106:13)
14 verbose stack     at ChildProcess.emit (events.js:191:7)
14 verbose stack     at maybeClose (internal/child_process.js:877:16)
14 verbose stack     at Process.ChildProcess._handle.onexit (internal/child_process.js:226:5)
15 verbose pkgid books@1.0.0
16 verbose cwd D:\web\项目需求\collectionBooks
17 error Windows_NT 6.1.7601
18 error argv "D:\\work\\NodeJsN\\node.exe" "D:\\work\\NodeJsN\\node_modules\\npm\\bin\\npm-cli.js" "run" "start"
19 error node v6.10.0
20 error npm  v3.10.10
21 error code ELIFECYCLE
22 error books@1.0.0 start: `webpack-dev-server --env development`
22 error Exit status 1
23 error Failed at the books@1.0.0 start script 'webpack-dev-server --env development'.
23 error Make sure you have the latest version of node.js and npm installed.
23 error If you do, this is most likely a problem with the books package,
23 error not with npm itself.
23 error Tell the author that this fails on your system:
23 error     webpack-dev-server --env development
23 error You can get information on how to open an issue for this project with:
23 error     npm bugs books
23 error Or if that isn't available, you can get their info via:
23 error     npm owner ls books
23 error There is likely additional logging output above.
24 verbose exit [ 1, true ]
